2023-10-24 04:07:18.111 [info] ログ レベル: Info
2023-10-24 04:07:18.111 [info] Git の検証が検出されました: "git"
2023-10-24 04:07:18.111 [info] "git" から Git "2.34.1" を使用しています
2023-10-24 04:07:18.111 [info] > git rev-parse --show-toplevel [3ms]
2023-10-24 04:07:18.111 [info] fatal: not a git repository (or any of the parent directories): .git
2023-10-24 04:07:18.111 [info] > git rev-parse --show-toplevel [4ms]
2023-10-24 04:07:18.111 [info] fatal: not a git repository (or any of the parent directories): .git
2023-10-24 04:07:18.114 [info] > git rev-parse --show-toplevel [4ms]
2023-10-24 04:07:18.114 [info] fatal: not a git repository (or any of the parent directories): .git
2023-10-24 04:07:18.121 [info] > git rev-parse --show-toplevel [2ms]
2023-10-24 04:07:18.125 [info] > git rev-parse --git-dir --git-common-dir [1ms]
2023-10-24 04:07:18.137 [info] Open repository: /home/yosuke/coachtech/html-css/html-test
2023-10-24 04:07:18.187 [info] > git rev-parse --show-toplevel [3ms]
2023-10-24 04:07:18.187 [info] fatal: not a git repository (or any of the parent directories): .git
2023-10-24 04:07:18.187 [info] > git config --get commit.template [6ms]
2023-10-24 04:07:18.195 [info] > git rev-parse --show-toplevel [4ms]
2023-10-24 04:07:18.195 [info] fatal: not a git repository (or any of the parent directories): .git
2023-10-24 04:07:18.199 [info] > git for-each-ref --format=%(refname)%00%(upstream:short)%00%(objectname)%00%(upstream:track)%00%(upstream:remotename)%00%(upstream:remoteref) refs/heads/main refs/remotes/main [5ms]
2023-10-24 04:07:18.207 [info] > git status -z -uall [3ms]
2023-10-24 04:07:18.221 [info] > git config --get commit.template [4ms]
2023-10-24 04:07:18.226 [info] > git for-each-ref --format=%(refname)%00%(upstream:short)%00%(objectname)%00%(upstream:track)%00%(upstream:remotename)%00%(upstream:remoteref) refs/heads/main refs/remotes/main [0ms]
2023-10-24 04:07:18.232 [info] > git status -z -uall [3ms]
2023-10-24 04:07:18.691 [info] > git check-ignore -v -z --stdin [1ms]
