2023-10-12 00:51:25.131 [info] ログ レベル: Info
2023-10-12 00:51:25.131 [info] Git の検証が検出されました: "git"
2023-10-12 00:51:25.131 [info] "git" から Git "2.34.1" を使用しています
2023-10-12 00:51:25.131 [info] > git rev-parse --show-toplevel [3ms]
2023-10-12 00:51:25.131 [info] fatal: not a git repository (or any of the parent directories): .git
2023-10-12 00:51:25.131 [info] > git rev-parse --show-toplevel [5ms]
2023-10-12 00:51:25.131 [info] fatal: not a git repository (or any of the parent directories): .git
2023-10-12 00:51:25.131 [info] > git rev-parse --show-toplevel [41ms]
2023-10-12 00:51:25.131 [info] fatal: not a git repository (or any of the parent directories): .git
2023-10-12 00:51:25.136 [info] > git rev-parse --show-toplevel [1ms]
2023-10-12 00:51:25.136 [info] fatal: not a git repository (or any of the parent directories): .git
2023-10-12 00:51:25.140 [info] > git rev-parse --show-toplevel [1ms]
2023-10-12 00:51:25.140 [info] fatal: not a git repository (or any of the parent directories): .git
2023-10-12 00:51:25.145 [info] > git rev-parse --show-toplevel [1ms]
2023-10-12 00:51:25.145 [info] fatal: not a git repository (or any of the parent directories): .git
2023-10-12 00:52:46.940 [info] > git rev-parse --show-toplevel [1ms]
2023-10-12 00:52:46.940 [info] fatal: not a git repository (or any of the parent directories): .git
2023-10-12 00:52:47.513 [info] > git rev-parse --show-toplevel [1ms]
2023-10-12 00:52:47.513 [info] fatal: not a git repository (or any of the parent directories): .git
2023-10-12 00:56:59.909 [info] > git rev-parse --show-toplevel [1ms]
2023-10-12 00:56:59.910 [info] fatal: not a git repository (or any of the parent directories): .git
2023-10-12 00:57:37.002 [info] > git rev-parse --show-toplevel [2ms]
2023-10-12 00:57:37.002 [info] fatal: not a git repository (or any of the parent directories): .git
2023-10-12 00:57:40.389 [info] > git rev-parse --show-toplevel [1ms]
2023-10-12 00:57:40.389 [info] fatal: not a git repository (or any of the parent directories): .git
2023-10-12 00:57:42.321 [info] > git rev-parse --show-toplevel [2ms]
2023-10-12 00:57:42.321 [info] fatal: not a git repository (or any of the parent directories): .git
2023-10-12 00:57:49.993 [info] > git rev-parse --show-toplevel [1ms]
2023-10-12 00:57:49.993 [info] fatal: not a git repository (or any of the parent directories): .git
2023-10-12 01:00:52.447 [info] > git rev-parse --show-toplevel [1ms]
2023-10-12 01:00:52.447 [info] fatal: not a git repository (or any of the parent directories): .git
2023-10-12 01:06:57.885 [info] > git rev-parse --show-toplevel [2ms]
2023-10-12 01:06:57.885 [info] fatal: not a git repository (or any of the parent directories): .git
2023-10-12 01:07:03.326 [info] > git rev-parse --show-toplevel [1ms]
2023-10-12 01:07:03.327 [info] fatal: not a git repository (or any of the parent directories): .git
2023-10-12 01:07:24.208 [info] > git rev-parse --show-toplevel [1ms]
2023-10-12 01:07:24.208 [info] fatal: not a git repository (or any of the parent directories): .git
2023-10-12 01:08:13.608 [info] > git rev-parse --show-toplevel [1ms]
2023-10-12 01:08:13.608 [info] fatal: not a git repository (or any of the parent directories): .git
2023-10-12 01:08:39.561 [info] > git rev-parse --show-toplevel [1ms]
2023-10-12 01:08:39.561 [info] fatal: not a git repository (or any of the parent directories): .git
2023-10-12 01:08:40.753 [info] > git rev-parse --show-toplevel [1ms]
2023-10-12 01:08:40.753 [info] fatal: not a git repository (or any of the parent directories): .git
2023-10-12 01:08:49.186 [info] > git rev-parse --show-toplevel [1ms]
2023-10-12 01:08:49.186 [info] fatal: not a git repository (or any of the parent directories): .git
2023-10-12 01:08:51.466 [info] > git rev-parse --show-toplevel [1ms]
2023-10-12 01:08:51.466 [info] fatal: not a git repository (or any of the parent directories): .git
2023-10-12 01:08:53.246 [info] > git rev-parse --show-toplevel [2ms]
2023-10-12 01:08:53.246 [info] fatal: not a git repository (or any of the parent directories): .git
2023-10-12 01:08:55.929 [info] > git rev-parse --show-toplevel [0ms]
2023-10-12 01:08:55.929 [info] fatal: not a git repository (or any of the parent directories): .git
2023-10-12 01:09:04.623 [info] > git rev-parse --show-toplevel [1ms]
2023-10-12 01:09:04.623 [info] fatal: not a git repository (or any of the parent directories): .git
2023-10-12 01:09:06.737 [info] > git rev-parse --show-toplevel [1ms]
2023-10-12 01:09:06.737 [info] fatal: not a git repository (or any of the parent directories): .git
2023-10-12 01:09:41.880 [info] > git rev-parse --show-toplevel [3ms]
2023-10-12 01:09:41.880 [info] fatal: not a git repository (or any of the parent directories): .git
2023-10-12 01:10:02.505 [info] > git rev-parse --show-toplevel [1ms]
2023-10-12 01:10:02.505 [info] fatal: not a git repository (or any of the parent directories): .git
2023-10-12 01:10:08.310 [info] > git rev-parse --show-toplevel [1ms]
2023-10-12 01:10:08.310 [info] fatal: not a git repository (or any of the parent directories): .git
2023-10-12 01:11:17.860 [info] > git rev-parse --show-toplevel [1ms]
2023-10-12 01:11:17.860 [info] fatal: not a git repository (or any of the parent directories): .git
2023-10-12 01:11:18.776 [info] > git rev-parse --show-toplevel [1ms]
2023-10-12 01:11:18.776 [info] fatal: not a git repository (or any of the parent directories): .git
2023-10-12 01:11:28.482 [info] > git rev-parse --show-toplevel [0ms]
2023-10-12 01:11:28.482 [info] fatal: not a git repository (or any of the parent directories): .git
2023-10-12 01:11:29.526 [info] > git rev-parse --show-toplevel [1ms]
2023-10-12 01:11:29.526 [info] fatal: not a git repository (or any of the parent directories): .git
2023-10-12 01:11:30.240 [info] > git rev-parse --show-toplevel [2ms]
2023-10-12 01:11:30.240 [info] fatal: not a git repository (or any of the parent directories): .git
2023-10-12 01:11:32.836 [info] > git rev-parse --show-toplevel [3ms]
2023-10-12 01:11:32.836 [info] fatal: not a git repository (or any of the parent directories): .git
2023-10-12 01:11:45.399 [info] > git rev-parse --show-toplevel [2ms]
2023-10-12 01:11:45.399 [info] fatal: not a git repository (or any of the parent directories): .git
2023-10-12 01:20:07.929 [info] > git rev-parse --show-toplevel [1ms]
2023-10-12 01:20:07.929 [info] fatal: not a git repository (or any of the parent directories): .git
2023-10-12 01:20:08.062 [info] > git rev-parse --show-toplevel [3ms]
2023-10-12 01:20:08.062 [info] fatal: not a git repository (or any of the parent directories): .git
2023-10-12 01:20:17.282 [info] > git rev-parse --show-toplevel [2ms]
2023-10-12 01:20:17.282 [info] fatal: not a git repository (or any of the parent directories): .git
2023-10-12 01:20:21.645 [info] > git rev-parse --show-toplevel [1ms]
2023-10-12 01:20:21.645 [info] fatal: not a git repository (or any of the parent directories): .git
2023-10-12 01:20:45.435 [info] > git rev-parse --show-toplevel [1ms]
2023-10-12 01:20:45.435 [info] fatal: not a git repository (or any of the parent directories): .git
2023-10-12 01:20:58.520 [info] > git rev-parse --show-toplevel [2ms]
2023-10-12 01:20:58.520 [info] fatal: not a git repository (or any of the parent directories): .git
2023-10-12 01:21:00.065 [info] > git rev-parse --show-toplevel [2ms]
2023-10-12 01:21:00.065 [info] fatal: not a git repository (or any of the parent directories): .git
2023-10-12 01:21:00.948 [info] > git rev-parse --show-toplevel [2ms]
2023-10-12 01:21:00.948 [info] fatal: not a git repository (or any of the parent directories): .git
2023-10-12 01:21:02.004 [info] > git rev-parse --show-toplevel [2ms]
2023-10-12 01:21:02.004 [info] fatal: not a git repository (or any of the parent directories): .git
2023-10-12 01:21:03.258 [info] > git rev-parse --show-toplevel [2ms]
2023-10-12 01:21:03.258 [info] fatal: not a git repository (or any of the parent directories): .git
2023-10-12 01:21:04.185 [info] > git rev-parse --show-toplevel [0ms]
2023-10-12 01:21:04.185 [info] fatal: not a git repository (or any of the parent directories): .git
2023-10-12 01:21:18.238 [info] > git rev-parse --show-toplevel [1ms]
2023-10-12 01:21:18.238 [info] fatal: not a git repository (or any of the parent directories): .git
2023-10-12 01:21:20.856 [info] > git rev-parse --show-toplevel [1ms]
2023-10-12 01:21:20.856 [info] fatal: not a git repository (or any of the parent directories): .git
2023-10-12 01:34:27.675 [info] > git rev-parse --show-toplevel [6ms]
2023-10-12 01:34:27.675 [info] fatal: not a git repository (or any of the parent directories): .git
2023-10-12 01:34:28.340 [info] > git rev-parse --show-toplevel [1ms]
2023-10-12 01:34:28.340 [info] fatal: not a git repository (or any of the parent directories): .git
2023-10-12 01:34:29.087 [info] > git rev-parse --show-toplevel [0ms]
2023-10-12 01:34:29.087 [info] fatal: not a git repository (or any of the parent directories): .git
2023-10-12 01:34:31.470 [info] > git rev-parse --show-toplevel [1ms]
2023-10-12 01:34:31.470 [info] fatal: not a git repository (or any of the parent directories): .git
2023-10-12 01:37:51.807 [info] > git rev-parse --show-toplevel [1ms]
2023-10-12 01:37:51.807 [info] fatal: not a git repository (or any of the parent directories): .git
2023-10-12 01:38:02.953 [info] > git rev-parse --show-toplevel [1ms]
2023-10-12 01:38:02.953 [info] fatal: not a git repository (or any of the parent directories): .git
2023-10-12 01:38:03.969 [info] > git rev-parse --show-toplevel [0ms]
2023-10-12 01:38:03.969 [info] fatal: not a git repository (or any of the parent directories): .git
2023-10-12 01:38:07.423 [info] > git rev-parse --show-toplevel [2ms]
2023-10-12 01:38:07.423 [info] fatal: not a git repository (or any of the parent directories): .git
2023-10-12 01:38:09.045 [info] > git rev-parse --show-toplevel [1ms]
2023-10-12 01:38:09.045 [info] fatal: not a git repository (or any of the parent directories): .git
2023-10-12 01:38:10.697 [info] > git rev-parse --show-toplevel [1ms]
2023-10-12 01:38:10.697 [info] fatal: not a git repository (or any of the parent directories): .git
2023-10-12 01:38:43.313 [info] > git rev-parse --show-toplevel [1ms]
2023-10-12 01:38:43.313 [info] fatal: not a git repository (or any of the parent directories): .git
2023-10-12 02:24:00.010 [info] > git rev-parse --show-toplevel [2ms]
2023-10-12 02:24:00.010 [info] fatal: not a git repository (or any of the parent directories): .git
2023-10-12 02:24:10.680 [info] > git rev-parse --show-toplevel [0ms]
2023-10-12 02:24:10.680 [info] fatal: not a git repository (or any of the parent directories): .git
2023-10-12 02:38:03.926 [info] > git rev-parse --show-toplevel [2ms]
2023-10-12 02:38:03.926 [info] fatal: not a git repository (or any of the parent directories): .git
2023-10-12 02:40:38.842 [info] > git rev-parse --show-toplevel [1ms]
2023-10-12 02:40:38.842 [info] fatal: not a git repository (or any of the parent directories): .git
2023-10-12 02:40:42.636 [info] > git rev-parse --show-toplevel [1ms]
2023-10-12 02:40:42.636 [info] fatal: not a git repository (or any of the parent directories): .git
2023-10-12 02:41:05.161 [info] > git rev-parse --show-toplevel [1ms]
2023-10-12 02:41:05.162 [info] fatal: not a git repository (or any of the parent directories): .git
2023-10-12 02:41:24.945 [info] > git rev-parse --show-toplevel [1ms]
2023-10-12 02:41:24.945 [info] fatal: not a git repository (or any of the parent directories): .git
2023-10-12 02:41:28.691 [info] > git rev-parse --show-toplevel [1ms]
2023-10-12 02:41:28.691 [info] fatal: not a git repository (or any of the parent directories): .git
2023-10-12 02:42:57.751 [info] > git rev-parse --show-toplevel [1ms]
2023-10-12 02:42:57.751 [info] fatal: not a git repository (or any of the parent directories): .git
2023-10-12 02:43:04.251 [info] > git rev-parse --show-toplevel [0ms]
2023-10-12 02:43:04.252 [info] fatal: not a git repository (or any of the parent directories): .git
2023-10-12 02:43:08.342 [info] > git rev-parse --show-toplevel [1ms]
2023-10-12 02:43:08.342 [info] fatal: not a git repository (or any of the parent directories): .git
2023-10-12 02:43:09.064 [info] > git rev-parse --show-toplevel [1ms]
2023-10-12 02:43:09.064 [info] fatal: not a git repository (or any of the parent directories): .git
2023-10-12 02:44:30.023 [info] > git rev-parse --show-toplevel [1ms]
2023-10-12 02:44:30.023 [info] fatal: not a git repository (or any of the parent directories): .git
2023-10-12 02:44:32.468 [info] > git rev-parse --show-toplevel [2ms]
2023-10-12 02:44:32.468 [info] fatal: not a git repository (or any of the parent directories): .git
2023-10-12 02:44:38.931 [info] > git rev-parse --show-toplevel [1ms]
2023-10-12 02:44:38.931 [info] fatal: not a git repository (or any of the parent directories): .git
2023-10-12 02:44:46.166 [info] > git rev-parse --show-toplevel [0ms]
2023-10-12 02:44:46.166 [info] fatal: not a git repository (or any of the parent directories): .git
2023-10-12 02:44:47.436 [info] > git rev-parse --show-toplevel [1ms]
2023-10-12 02:44:47.436 [info] fatal: not a git repository (or any of the parent directories): .git
2023-10-12 02:44:51.360 [info] > git rev-parse --show-toplevel [1ms]
2023-10-12 02:44:51.360 [info] fatal: not a git repository (or any of the parent directories): .git
2023-10-12 02:44:56.127 [info] > git rev-parse --show-toplevel [1ms]
2023-10-12 02:44:56.127 [info] fatal: not a git repository (or any of the parent directories): .git
2023-10-12 02:48:31.451 [info] > git rev-parse --show-toplevel [2ms]
2023-10-12 02:48:31.453 [info] fatal: not a git repository (or any of the parent directories): .git
2023-10-12 02:49:17.685 [info] > git rev-parse --show-toplevel [2ms]
2023-10-12 02:49:17.685 [info] fatal: not a git repository (or any of the parent directories): .git
2023-10-12 03:08:49.094 [info] > git rev-parse --show-toplevel [0ms]
2023-10-12 03:08:49.094 [info] fatal: not a git repository (or any of the parent directories): .git
2023-10-12 03:12:59.565 [info] > git rev-parse --show-toplevel [1ms]
2023-10-12 03:12:59.565 [info] fatal: not a git repository (or any of the parent directories): .git
2023-10-12 03:14:15.595 [info] > git rev-parse --show-toplevel [1ms]
2023-10-12 03:14:15.595 [info] fatal: not a git repository (or any of the parent directories): .git
2023-10-12 03:17:44.809 [info] > git rev-parse --show-toplevel [2ms]
2023-10-12 03:17:44.809 [info] fatal: not a git repository (or any of the parent directories): .git
2023-10-12 03:17:47.223 [info] > git rev-parse --show-toplevel [0ms]
2023-10-12 03:17:47.223 [info] fatal: not a git repository (or any of the parent directories): .git
2023-10-12 03:21:04.883 [info] > git rev-parse --show-toplevel [0ms]
2023-10-12 03:21:04.883 [info] fatal: not a git repository (or any of the parent directories): .git
2023-10-12 03:21:13.097 [info] > git rev-parse --show-toplevel [1ms]
2023-10-12 03:21:13.097 [info] fatal: not a git repository (or any of the parent directories): .git
2023-10-12 03:22:20.184 [info] > git rev-parse --show-toplevel [1ms]
2023-10-12 03:22:20.184 [info] fatal: not a git repository (or any of the parent directories): .git
2023-10-12 03:24:16.319 [info] > git rev-parse --show-toplevel [0ms]
2023-10-12 03:24:16.319 [info] fatal: not a git repository (or any of the parent directories): .git
2023-10-12 03:24:20.982 [info] > git rev-parse --show-toplevel [1ms]
2023-10-12 03:24:20.982 [info] fatal: not a git repository (or any of the parent directories): .git
2023-10-12 03:24:22.755 [info] > git rev-parse --show-toplevel [2ms]
2023-10-12 03:24:22.755 [info] fatal: not a git repository (or any of the parent directories): .git
2023-10-12 03:24:56.033 [info] > git rev-parse --show-toplevel [1ms]
2023-10-12 03:24:56.033 [info] fatal: not a git repository (or any of the parent directories): .git
2023-10-12 03:24:59.509 [info] > git rev-parse --show-toplevel [1ms]
2023-10-12 03:24:59.509 [info] fatal: not a git repository (or any of the parent directories): .git
2023-10-12 03:25:00.617 [info] > git rev-parse --show-toplevel [1ms]
2023-10-12 03:25:00.617 [info] fatal: not a git repository (or any of the parent directories): .git
2023-10-12 03:25:02.290 [info] > git rev-parse --show-toplevel [1ms]
2023-10-12 03:25:02.291 [info] fatal: not a git repository (or any of the parent directories): .git
2023-10-12 03:25:30.407 [info] > git rev-parse --show-toplevel [2ms]
2023-10-12 03:25:30.407 [info] fatal: not a git repository (or any of the parent directories): .git
2023-10-12 03:36:58.986 [info] > git rev-parse --show-toplevel [0ms]
2023-10-12 03:36:58.986 [info] fatal: not a git repository (or any of the parent directories): .git
2023-10-12 03:37:16.118 [info] > git rev-parse --show-toplevel [1ms]
2023-10-12 03:37:16.118 [info] fatal: not a git repository (or any of the parent directories): .git
2023-10-12 03:37:37.428 [info] > git rev-parse --show-toplevel [1ms]
2023-10-12 03:37:37.428 [info] fatal: not a git repository (or any of the parent directories): .git
